Unity Editor version:    2022.3.14f1 (eff2de9070d8)
Branch:                  2022.3/staging
Build type:              Release
Batch mode:              YES
macOS version:           Version 13.5 (Build 22G74)
Darwin version:          22.6.0
Architecture:            x86_64
Running under Rosetta:   NO
Available memory:        16384 MB
Using pre-set license
Pro License: YES

COMMAND LINE ARGUMENTS:
/Applications/Unity/Hub/Editor/2022.3.14f1/Unity.app/Contents/MacOS/Unity
-adb2
-batchMode
-noUpm
-name
AssetImportWorker4
-projectPath
/Users/kallklokhet/Desktop/renderer/Vis
-logFile
Logs/AssetImportWorker4.log
-srvPort
54792
Successfully changed project path to: /Users/kallklokhet/Desktop/renderer/Vis
/Users/kallklokhet/Desktop/renderer/Vis
[UnityMemory] Configuration Parameters - Can be set up in boot.config
    "memorysetup-bucket-allocator-granularity=16"
    "memorysetup-bucket-allocator-bucket-count=8"
    "memorysetup-bucket-allocator-block-size=33554432"
    "memorysetup-bucket-allocator-block-count=8"
    "memorysetup-main-allocator-block-size=16777216"
    "memorysetup-thread-allocator-block-size=16777216"
    "memorysetup-gfx-main-allocator-block-size=16777216"
    "memorysetup-gfx-thread-allocator-block-size=16777216"
    "memorysetup-cache-allocator-block-size=4194304"
    "memorysetup-typetree-allocator-block-size=2097152"
    "memorysetup-profiler-bucket-allocator-granularity=16"
    "memorysetup-profiler-bucket-allocator-bucket-count=8"
    "memorysetup-profiler-bucket-allocator-block-size=33554432"
    "memorysetup-profiler-bucket-allocator-block-count=8"
    "memorysetup-profiler-allocator-block-size=16777216"
    "memorysetup-profiler-editor-allocator-block-size=1048576"
    "memorysetup-temp-allocator-size-main=16777216"
    "memorysetup-job-temp-allocator-block-size=2097152"
    "memorysetup-job-temp-allocator-block-size-background=1048576"
    "memorysetup-job-temp-allocator-reduction-small-platforms=262144"
    "memorysetup-allocator-temp-initial-block-size-main=262144"
    "memorysetup-allocator-temp-initial-block-size-worker=262144"
    "memorysetup-temp-allocator-size-background-worker=32768"
    "memorysetup-temp-allocator-size-job-worker=262144"
    "memorysetup-temp-allocator-size-preload-manager=33554432"
    "memorysetup-temp-allocator-size-nav-mesh-worker=65536"
    "memorysetup-temp-allocator-size-audio-worker=65536"
    "memorysetup-temp-allocator-size-cloud-worker=32768"
    "memorysetup-temp-allocator-size-gi-baking-worker=262144"
    "memorysetup-temp-allocator-size-gfx=262144"
Player connection [140704533489408] Host "[IP] 192.168.0.35 [Port] 0 [Flags] 2 [Guid] 1885886224 [EditorId] 1885886224 [Version] 1048832 [Id] OSXEditor(0,plm2.local) [Debug] 1 [PackageName] OSXEditor [ProjectName] Editor" joined multi-casting on [225.0.0.222:54997]...

Player connection [140704533489408] Host "[IP] 192.168.0.35 [Port] 0 [Flags] 2 [Guid] 1885886224 [EditorId] 1885886224 [Version] 1048832 [Id] OSXEditor(0,plm2.local) [Debug] 1 [PackageName] OSXEditor [ProjectName] Editor" joined alternative multi-casting on [225.0.0.222:34997]...

[Physics::Module] Initialized MultithreadedJobDispatcher with 15 workers.
Refreshing native plugins compatible for Editor in 32.24 ms, found 2 plugins.
Preloading 0 native plugins for Editor in 0.00 ms.
Initialize engine version: 2022.3.14f1 (eff2de9070d8)
[Subsystems] Discovering subsystems at path /Applications/Unity/Hub/Editor/2022.3.14f1/Unity.app/Contents/Resources/UnitySubsystems
[Subsystems] Discovering subsystems at path /Users/kallklokhet/Desktop/renderer/Vis/Assets
GfxDevice: creating device client; threaded=0; jobified=0
Color LCD preferred device: AMD Radeon Pro 560X (high power)
Metal devices available: 2
0: AMD Radeon Pro 560X (high power)
1: Intel(R) UHD Graphics 630 (low power)
Using device AMD Radeon Pro 560X (high power)
Initializing Metal device caps: AMD Radeon Pro 560X
Initialize mono
Mono path[0] = '/Applications/Unity/Hub/Editor/2022.3.14f1/Unity.app/Contents/Managed'
Mono path[1] = '/Applications/Unity/Hub/Editor/2022.3.14f1/Unity.app/Contents/MonoBleedingEdge/lib/mono/unityjit-macos'
Mono config path = '/Applications/Unity/Hub/Editor/2022.3.14f1/Unity.app/Contents/MonoBleedingEdge/etc'
Using monoOptions --debugger-agent=transport=dt_socket,embedding=1,server=y,suspend=n,address=127.0.0.1:56716
Begin MonoManager ReloadAssembly
Registering precompiled unity dll's ...
Register platform support module: /Applications/Unity/Hub/Editor/2022.3.14f1/Unity.app/Contents/PlaybackEngines/MacStandaloneSupport/UnityEditor.OSXStandalone.Extensions.dll
Registered in 0.003935 seconds.
- Loaded All Assemblies, in  0.817 seconds
Native extension for OSXStandalone target not found
Mono: successfully reloaded assembly
- Finished resetting the current domain, in  0.472 seconds
Domain Reload Profiling: 1289ms
	BeginReloadAssembly (292ms)
		ExecutionOrderSort (0ms)
		DisableScriptedObjects (0ms)
		BackupInstance (0ms)
		ReleaseScriptingObjects (0ms)
		CreateAndSetChildDomain (1ms)
	RebuildCommonClasses (87ms)
	RebuildNativeTypeToScriptingClass (21ms)
	initialDomainReloadingComplete (96ms)
	LoadAllAssembliesAndSetupDomain (320ms)
		LoadAssemblies (291ms)
		RebuildTransferFunctionScriptingTraits (0ms)
		AnalyzeDomain (313ms)
			TypeCache.Refresh (309ms)
				TypeCache.ScanAssembly (273ms)
			ScanForSourceGeneratedMonoScriptInfo (1ms)
			ResolveRequiredComponents (2ms)
	FinalizeReload (473ms)
		ReleaseScriptCaches (0ms)
		RebuildScriptCaches (0ms)
		SetupLoadedEditorAssemblies (352ms)
			LogAssemblyErrors (0ms)
			InitializePlatformSupportModulesInManaged (14ms)
			SetLoadedEditorAssemblies (14ms)
			RefreshPlugins (0ms)
			BeforeProcessingInitializeOnLoad (5ms)
			ProcessInitializeOnLoadAttributes (237ms)
			ProcessInitializeOnLoadMethodAttributes (83ms)
			AfterProcessingInitializeOnLoad (0ms)
			EditorAssembliesLoaded (0ms)
		ExecutionOrderSort2 (0ms)
		AwakeInstancesAfterBackupRestoration (0ms)
========================================================================
Worker process is ready to serve import requests
Begin MonoManager ReloadAssembly
- Loaded All Assemblies, in  1.226 seconds
Refreshing native plugins compatible for Editor in 3.99 ms, found 2 plugins.
Native extension for OSXStandalone target not found
Package Manager log level set to [2]
[Package Manager] Server::EnsureServerProcessIsRunning -- launch failed, reason: Unity was launched with the -noUpm command-line argument
[Package Manager] UpmClient::Send -- Unable to send message (not connected to UPM process).
[Package Manager] Cannot connect to Unity Package Manager local server
Mono: successfully reloaded assembly
- Finished resetting the current domain, in  1.339 seconds
Domain Reload Profiling: 2561ms
	BeginReloadAssembly (235ms)
		ExecutionOrderSort (0ms)
		DisableScriptedObjects (9ms)
		BackupInstance (0ms)
		ReleaseScriptingObjects (0ms)
		CreateAndSetChildDomain (44ms)
	RebuildCommonClasses (71ms)
	RebuildNativeTypeToScriptingClass (22ms)
	initialDomainReloadingComplete (69ms)
	LoadAllAssembliesAndSetupDomain (824ms)
		LoadAssemblies (556ms)
		RebuildTransferFunctionScriptingTraits (0ms)
		AnalyzeDomain (386ms)
			TypeCache.Refresh (330ms)
				TypeCache.ScanAssembly (300ms)
			ScanForSourceGeneratedMonoScriptInfo (32ms)
			ResolveRequiredComponents (20ms)
	FinalizeReload (1340ms)
		ReleaseScriptCaches (0ms)
		RebuildScriptCaches (0ms)
		SetupLoadedEditorAssemblies (1068ms)
			LogAssemblyErrors (0ms)
			InitializePlatformSupportModulesInManaged (7ms)
			SetLoadedEditorAssemblies (6ms)
			RefreshPlugins (0ms)
			BeforeProcessingInitializeOnLoad (91ms)
			ProcessInitializeOnLoadAttributes (858ms)
			ProcessInitializeOnLoadMethodAttributes (104ms)
			AfterProcessingInitializeOnLoad (2ms)
			EditorAssembliesLoaded (1ms)
		ExecutionOrderSort2 (0ms)
		AwakeInstancesAfterBackupRestoration (7ms)
Launching external process: /Applications/Unity/Hub/Editor/2022.3.14f1/Unity.app/Contents/Tools/UnityShaderCompiler
Launched and connected shader compiler UnityShaderCompiler after 0.43 seconds
Refreshing native plugins compatible for Editor in 2.42 ms, found 2 plugins.
Preloading 0 native plugins for Editor in 0.00 ms.
Unloading 4887 Unused Serialized files (Serialized files now loaded: 0)
Unloading 66 unused Assets / (368.6 KB). Loaded Objects now: 5360.
Memory consumption went from 211.3 MB to 211.0 MB.
Total: 5.768152 ms (FindLiveObjects: 0.400367 ms CreateObjectMapping: 0.381253 ms MarkObjects: 4.326138 ms  DeleteObjects: 0.653616 ms)

AssetImportParameters requested are different than current active one (requested -> active):
  custom:container-demuxer-ogg: 62fdf1f143b41e24485cea50d1cbac27 -> 
  custom:video-decoder-ogg-theora: a1e56fd34408186e4bbccfd4996cb3dc -> 
  custom:CustomObjectIndexerAttribute: a3ef5dd2817f97addfee359851a9dba5 -> 
  custom:container-demuxer-webm: 4f35f7cbe854078d1ac9338744f61a02 -> 
  custom:container-muxer-webm: aa71ff27fc2769a1b78a27578f13a17b -> 
  custom:video-decoder-webm-vp8: 9c59270c3fd7afecdb556c50c9e8de78 -> 
  custom:SearchIndexIgnoredProperties: e643bd26f0fe6173181afceb89e7c659 -> 
  custom:AudioImporter_EditorPlatform: 3918e3fc78b5a79bad01e8451be0beb8 -> 
  custom:framework-osx-AVFoundation: e770b220cccbd017edd2c1fefb359320 -> 
  custom:video-encoder-webm-vp8: eb34c28f22e8b96e1ab97ce403110664 -> 
  custom:audio-decoder-ogg-vorbis: bf7c407c2cedff20999df2af8eb42d56 -> 
  custom:audio-encoder-webm-vorbis: bf7c407c2cedff20999df2af8eb42d56 -> 
========================================================================
Received Import Request.
  Time since last request: 346803.452359 seconds.
  path: Assets/Materials/Rock.mat
  artifactKey: Guid(73beb2d7f29274fad99394a2541f0c0e) Importer(815301076,1909f56bfc062723c751e8b465ee728b)
Start importing Assets/Materials/Rock.mat using Guid(73beb2d7f29274fad99394a2541f0c0e) Importer(815301076,1909f56bfc062723c751e8b465ee728b)  -> (artifact id: '6c20b1792b55f136b42ec11e76f09b0e') in 0.461477 seconds
Number of updated asset objects reloaded before import = 0
Number of asset objects unloaded after import = 4
========================================================================
Received Import Request.
  Time since last request: 0.000055 seconds.
  path: Assets/Horseman/Base mesh/Materials/Mat_Horseman_Head.mat
  artifactKey: Guid(181d2c95601ea884bb04bdac566df0b3) Importer(815301076,1909f56bfc062723c751e8b465ee728b)
Start importing Assets/Horseman/Base mesh/Materials/Mat_Horseman_Head.mat using Guid(181d2c95601ea884bb04bdac566df0b3) Importer(815301076,1909f56bfc062723c751e8b465ee728b)  -> (artifact id: '9164183dea4380168defa1070155ad46') in 0.091624 seconds
Number of updated asset objects reloaded before import = 0
Number of asset objects unloaded after import = 6
========================================================================
Received Import Request.
  Time since last request: 0.000056 seconds.
  path: Assets/Horseman/Base mesh/Materials/Mat_Horseman_Weapon.mat
  artifactKey: Guid(68a2d706fded1f1428b1856d36bbae8b) Importer(815301076,1909f56bfc062723c751e8b465ee728b)
Start importing Assets/Horseman/Base mesh/Materials/Mat_Horseman_Weapon.mat using Guid(68a2d706fded1f1428b1856d36bbae8b) Importer(815301076,1909f56bfc062723c751e8b465ee728b)  -> (artifact id: '1788b3a248a7e951fb778d9e51b83a14') in 0.243371 seconds
Number of updated asset objects reloaded before import = 0
Number of asset objects unloaded after import = 6
========================================================================
Received Import Request.
  Time since last request: 0.000078 seconds.
  path: Assets/Horseman/Base mesh/Materials/Mat_Horseman_Body.mat
  artifactKey: Guid(4021754b1fca53e4cb9e5d59661c6a46) Importer(815301076,1909f56bfc062723c751e8b465ee728b)
Start importing Assets/Horseman/Base mesh/Materials/Mat_Horseman_Body.mat using Guid(4021754b1fca53e4cb9e5d59661c6a46) Importer(815301076,1909f56bfc062723c751e8b465ee728b)  -> (artifact id: '4dcdc1f20f6eb9a41d1d3490a9908a68') in 0.157996 seconds
Number of updated asset objects reloaded before import = 0
Number of asset objects unloaded after import = 6
========================================================================
Received Import Request.
  Time since last request: 0.000066 seconds.
  path: Assets/Materials/Master Material.mat
  artifactKey: Guid(c1b07f0e5550d4772931ee7dceab3f04) Importer(815301076,1909f56bfc062723c751e8b465ee728b)
Start importing Assets/Materials/Master Material.mat using Guid(c1b07f0e5550d4772931ee7dceab3f04) Importer(815301076,1909f56bfc062723c751e8b465ee728b)  -> (artifact id: '54f1dca3577b66471c70173729fd0417') in 0.032898 seconds
Number of updated asset objects reloaded before import = 0
Number of asset objects unloaded after import = 2
========================================================================
Received Import Request.
  Time since last request: 0.000084 seconds.
  path: Assets/Horseman/Base mesh/Materials/Mat_Horseman_Helmet.mat
  artifactKey: Guid(2dcfadef35fdcdd4bba90b536a87df14) Importer(815301076,1909f56bfc062723c751e8b465ee728b)
Start importing Assets/Horseman/Base mesh/Materials/Mat_Horseman_Helmet.mat using Guid(2dcfadef35fdcdd4bba90b536a87df14) Importer(815301076,1909f56bfc062723c751e8b465ee728b)  -> (artifact id: 'd4ac6aa0b632c23150fffae04a9ff24e') in 0.032848 seconds
Number of updated asset objects reloaded before import = 0
Number of asset objects unloaded after import = 6
========================================================================
Received Import Request.
  Time since last request: 0.000076 seconds.
  path: Assets/ShaderGraphs/Outlines.shadergraph
  artifactKey: Guid(ab6aae46cda174c75b1f91f99693a9de) Importer(815301076,1909f56bfc062723c751e8b465ee728b)
Start importing Assets/ShaderGraphs/Outlines.shadergraph using Guid(ab6aae46cda174c75b1f91f99693a9de) Importer(815301076,1909f56bfc062723c751e8b465ee728b)  -> (artifact id: '3c0b5384ed5aa2e4ad43af06abad260d') in 0.010741 seconds
Number of updated asset objects reloaded before import = 0
Number of asset objects unloaded after import = 2
========================================================================
Received Import Request.
  Time since last request: 50.300111 seconds.
  path: Assets/Custom Models/Octagonal Prism.mesh
  artifactKey: Guid(f108ea1f777764c9b87d890a44b4907b) Importer(815301076,1909f56bfc062723c751e8b465ee728b)
Start importing Assets/Custom Models/Octagonal Prism.mesh using Guid(f108ea1f777764c9b87d890a44b4907b) Importer(815301076,1909f56bfc062723c751e8b465ee728b)  -> (artifact id: '91b91b061cab7a7ab36bad3fa29d192f') in 0.039464 seconds
Number of updated asset objects reloaded before import = 0
Number of asset objects unloaded after import = 2
========================================================================
Received Import Request.
  Time since last request: 15.952109 seconds.
  path: Assets/Custom Models/Octahedron.fbx
  artifactKey: Guid(238c9b999bf884839b65342f915b09e7) Importer(815301076,1909f56bfc062723c751e8b465ee728b)
Start importing Assets/Custom Models/Octahedron.fbx using Guid(238c9b999bf884839b65342f915b09e7) Importer(815301076,1909f56bfc062723c751e8b465ee728b)  -> (artifact id: 'ab29eca9cace7f37140ef033c72a9ba9') in 0.042694 seconds
Number of updated asset objects reloaded before import = 0
Number of asset objects unloaded after import = 9
========================================================================
Received Import Request.
  Time since last request: 21.528853 seconds.
  path: Assets/ShaderGraphs/CelShadeLit.shadergraph
  artifactKey: Guid(7442e5c79e1754fbabffadb57694c13d) Importer(815301076,1909f56bfc062723c751e8b465ee728b)
Start importing Assets/ShaderGraphs/CelShadeLit.shadergraph using Guid(7442e5c79e1754fbabffadb57694c13d) Importer(815301076,1909f56bfc062723c751e8b465ee728b)  -> (artifact id: '2ef43c4f7785fd671ebde49e4fe4da7a') in 0.007943 seconds
Number of updated asset objects reloaded before import = 0
Number of asset objects unloaded after import = 2
========================================================================
Received Import Request.
  Time since last request: 0.000056 seconds.
  path: Assets/Materials/Iron.mat
  artifactKey: Guid(9c26f4cea37b3448399e431856d04d71) Importer(815301076,1909f56bfc062723c751e8b465ee728b)
Start importing Assets/Materials/Iron.mat using Guid(9c26f4cea37b3448399e431856d04d71) Importer(815301076,1909f56bfc062723c751e8b465ee728b)  -> (artifact id: '864055c90893f7b6542eca678ee83e72') in 0.016779 seconds
Number of updated asset objects reloaded before import = 0
Number of asset objects unloaded after import = 2
========================================================================
Received Import Request.
  Time since last request: 17134.625286 seconds.
  path: Assets/ShaderGraphs/Depth Diff.shadersubgraph
  artifactKey: Guid(4a63294214e1f4de3a4c390c7ffa7656) Importer(815301076,1909f56bfc062723c751e8b465ee728b)
Start importing Assets/ShaderGraphs/Depth Diff.shadersubgraph using Guid(4a63294214e1f4de3a4c390c7ffa7656) Importer(815301076,1909f56bfc062723c751e8b465ee728b)  -> (artifact id: 'd9b1d9e1939bec84df5485cbf265c9de') in 0.016020 seconds
Number of updated asset objects reloaded before import = 1
Number of asset objects unloaded after import = 1
