Unity Editor version:    2022.3.14f1 (eff2de9070d8)
Branch:                  2022.3/staging
Build type:              Release
Batch mode:              YES
macOS version:           Version 13.5 (Build 22G74)
Darwin version:          22.6.0
Architecture:            x86_64
Running under Rosetta:   NO
Available memory:        16384 MB
Using pre-set license
Pro License: YES

COMMAND LINE ARGUMENTS:
/Applications/Unity/Hub/Editor/2022.3.14f1/Unity.app/Contents/MacOS/Unity
-adb2
-batchMode
-noUpm
-name
AssetImportWorker2
-projectPath
/Users/kallklokhet/Desktop/renderer/Vis
-logFile
Logs/AssetImportWorker2.log
-srvPort
58387
Successfully changed project path to: /Users/kallklokhet/Desktop/renderer/Vis
/Users/kallklokhet/Desktop/renderer/Vis
[UnityMemory] Configuration Parameters - Can be set up in boot.config
    "memorysetup-bucket-allocator-granularity=16"
    "memorysetup-bucket-allocator-bucket-count=8"
    "memorysetup-bucket-allocator-block-size=33554432"
    "memorysetup-bucket-allocator-block-count=8"
    "memorysetup-main-allocator-block-size=16777216"
    "memorysetup-thread-allocator-block-size=16777216"
    "memorysetup-gfx-main-allocator-block-size=16777216"
    "memorysetup-gfx-thread-allocator-block-size=16777216"
    "memorysetup-cache-allocator-block-size=4194304"
    "memorysetup-typetree-allocator-block-size=2097152"
    "memorysetup-profiler-bucket-allocator-granularity=16"
    "memorysetup-profiler-bucket-allocator-bucket-count=8"
    "memorysetup-profiler-bucket-allocator-block-size=33554432"
    "memorysetup-profiler-bucket-allocator-block-count=8"
    "memorysetup-profiler-allocator-block-size=16777216"
    "memorysetup-profiler-editor-allocator-block-size=1048576"
    "memorysetup-temp-allocator-size-main=16777216"
    "memorysetup-job-temp-allocator-block-size=2097152"
    "memorysetup-job-temp-allocator-block-size-background=1048576"
    "memorysetup-job-temp-allocator-reduction-small-platforms=262144"
    "memorysetup-allocator-temp-initial-block-size-main=262144"
    "memorysetup-allocator-temp-initial-block-size-worker=262144"
    "memorysetup-temp-allocator-size-background-worker=32768"
    "memorysetup-temp-allocator-size-job-worker=262144"
    "memorysetup-temp-allocator-size-preload-manager=33554432"
    "memorysetup-temp-allocator-size-nav-mesh-worker=65536"
    "memorysetup-temp-allocator-size-audio-worker=65536"
    "memorysetup-temp-allocator-size-cloud-worker=32768"
    "memorysetup-temp-allocator-size-gi-baking-worker=262144"
    "memorysetup-temp-allocator-size-gfx=262144"
Player connection [140704554862336] Host "[IP] 192.168.0.13 [Port] 0 [Flags] 2 [Guid] 2370264383 [EditorId] 2370264383 [Version] 1048832 [Id] OSXEditor(0,plm2.local) [Debug] 1 [PackageName] OSXEditor [ProjectName] Editor" joined multi-casting on [225.0.0.222:54997]...

Player connection [140704554862336] Host "[IP] 192.168.0.13 [Port] 0 [Flags] 2 [Guid] 2370264383 [EditorId] 2370264383 [Version] 1048832 [Id] OSXEditor(0,plm2.local) [Debug] 1 [PackageName] OSXEditor [ProjectName] Editor" joined alternative multi-casting on [225.0.0.222:34997]...

[Physics::Module] Initialized MultithreadedJobDispatcher with 15 workers.
Refreshing native plugins compatible for Editor in 7.72 ms, found 2 plugins.
Preloading 0 native plugins for Editor in 0.00 ms.
Initialize engine version: 2022.3.14f1 (eff2de9070d8)
[Subsystems] Discovering subsystems at path /Applications/Unity/Hub/Editor/2022.3.14f1/Unity.app/Contents/Resources/UnitySubsystems
[Subsystems] Discovering subsystems at path /Users/kallklokhet/Desktop/renderer/Vis/Assets
GfxDevice: creating device client; threaded=0; jobified=0
Color LCD preferred device: AMD Radeon Pro 560X (high power)
Metal devices available: 2
0: AMD Radeon Pro 560X (high power)
1: Intel(R) UHD Graphics 630 (low power)
Using device AMD Radeon Pro 560X (high power)
Initializing Metal device caps: AMD Radeon Pro 560X
Initialize mono
Mono path[0] = '/Applications/Unity/Hub/Editor/2022.3.14f1/Unity.app/Contents/Managed'
Mono path[1] = '/Applications/Unity/Hub/Editor/2022.3.14f1/Unity.app/Contents/MonoBleedingEdge/lib/mono/unityjit-macos'
Mono config path = '/Applications/Unity/Hub/Editor/2022.3.14f1/Unity.app/Contents/MonoBleedingEdge/etc'
Using monoOptions --debugger-agent=transport=dt_socket,embedding=1,server=y,suspend=n,address=127.0.0.1:56314
Begin MonoManager ReloadAssembly
Registering precompiled unity dll's ...
Register platform support module: /Applications/Unity/Hub/Editor/2022.3.14f1/Unity.app/Contents/PlaybackEngines/MacStandaloneSupport/UnityEditor.OSXStandalone.Extensions.dll
Registered in 0.001751 seconds.
- Loaded All Assemblies, in  0.625 seconds
Native extension for OSXStandalone target not found
Mono: successfully reloaded assembly
- Finished resetting the current domain, in  0.373 seconds
Domain Reload Profiling: 999ms
	BeginReloadAssembly (214ms)
		ExecutionOrderSort (0ms)
		DisableScriptedObjects (0ms)
		BackupInstance (0ms)
		ReleaseScriptingObjects (0ms)
		CreateAndSetChildDomain (1ms)
	RebuildCommonClasses (63ms)
	RebuildNativeTypeToScriptingClass (18ms)
	initialDomainReloadingComplete (74ms)
	LoadAllAssembliesAndSetupDomain (255ms)
		LoadAssemblies (214ms)
		RebuildTransferFunctionScriptingTraits (0ms)
		AnalyzeDomain (252ms)
			TypeCache.Refresh (249ms)
				TypeCache.ScanAssembly (226ms)
			ScanForSourceGeneratedMonoScriptInfo (1ms)
			ResolveRequiredComponents (1ms)
	FinalizeReload (374ms)
		ReleaseScriptCaches (0ms)
		RebuildScriptCaches (0ms)
		SetupLoadedEditorAssemblies (284ms)
			LogAssemblyErrors (0ms)
			InitializePlatformSupportModulesInManaged (14ms)
			SetLoadedEditorAssemblies (11ms)
			RefreshPlugins (0ms)
			BeforeProcessingInitializeOnLoad (3ms)
			ProcessInitializeOnLoadAttributes (190ms)
			ProcessInitializeOnLoadMethodAttributes (66ms)
			AfterProcessingInitializeOnLoad (0ms)
			EditorAssembliesLoaded (0ms)
		ExecutionOrderSort2 (0ms)
		AwakeInstancesAfterBackupRestoration (0ms)
========================================================================
Worker process is ready to serve import requests
Begin MonoManager ReloadAssembly
- Loaded All Assemblies, in  1.434 seconds
Refreshing native plugins compatible for Editor in 3.30 ms, found 2 plugins.
Native extension for OSXStandalone target not found
Package Manager log level set to [2]
[Package Manager] Server::EnsureServerProcessIsRunning -- launch failed, reason: Unity was launched with the -noUpm command-line argument
[Package Manager] UpmClient::Send -- Unable to send message (not connected to UPM process).
[Package Manager] Cannot connect to Unity Package Manager local server
Mono: successfully reloaded assembly
- Finished resetting the current domain, in  1.413 seconds
Domain Reload Profiling: 2851ms
	BeginReloadAssembly (250ms)
		ExecutionOrderSort (0ms)
		DisableScriptedObjects (7ms)
		BackupInstance (0ms)
		ReleaseScriptingObjects (0ms)
		CreateAndSetChildDomain (43ms)
	RebuildCommonClasses (60ms)
	RebuildNativeTypeToScriptingClass (18ms)
	initialDomainReloadingComplete (57ms)
	LoadAllAssembliesAndSetupDomain (1052ms)
		LoadAssemblies (776ms)
		RebuildTransferFunctionScriptingTraits (0ms)
		AnalyzeDomain (414ms)
			TypeCache.Refresh (342ms)
				TypeCache.ScanAssembly (313ms)
			ScanForSourceGeneratedMonoScriptInfo (40ms)
			ResolveRequiredComponents (20ms)
	FinalizeReload (1414ms)
		ReleaseScriptCaches (0ms)
		RebuildScriptCaches (0ms)
		SetupLoadedEditorAssemblies (1116ms)
			LogAssemblyErrors (0ms)
			InitializePlatformSupportModulesInManaged (6ms)
			SetLoadedEditorAssemblies (5ms)
			RefreshPlugins (0ms)
			BeforeProcessingInitializeOnLoad (90ms)
			ProcessInitializeOnLoadAttributes (920ms)
			ProcessInitializeOnLoadMethodAttributes (93ms)
			AfterProcessingInitializeOnLoad (2ms)
			EditorAssembliesLoaded (0ms)
		ExecutionOrderSort2 (0ms)
		AwakeInstancesAfterBackupRestoration (5ms)
Launching external process: /Applications/Unity/Hub/Editor/2022.3.14f1/Unity.app/Contents/Tools/UnityShaderCompiler
Launched and connected shader compiler UnityShaderCompiler after 0.15 seconds
Refreshing native plugins compatible for Editor in 3.19 ms, found 2 plugins.
Preloading 0 native plugins for Editor in 0.00 ms.
Unloading 5436 Unused Serialized files (Serialized files now loaded: 0)
Unloading 87 unused Assets / (477.0 KB). Loaded Objects now: 5898.
Memory consumption went from 218.9 MB to 218.4 MB.
Total: 8.475294 ms (FindLiveObjects: 0.756592 ms CreateObjectMapping: 0.778441 ms MarkObjects: 6.511854 ms  DeleteObjects: 0.420640 ms)

AssetImportParameters requested are different than current active one (requested -> active):
  custom:container-demuxer-ogg: 62fdf1f143b41e24485cea50d1cbac27 -> 
  custom:video-decoder-ogg-theora: a1e56fd34408186e4bbccfd4996cb3dc -> 
  custom:container-demuxer-webm: 4f35f7cbe854078d1ac9338744f61a02 -> 
  custom:container-muxer-webm: aa71ff27fc2769a1b78a27578f13a17b -> 
  custom:video-decoder-webm-vp8: 9c59270c3fd7afecdb556c50c9e8de78 -> 
  custom:AudioImporter_EditorPlatform: 3918e3fc78b5a79bad01e8451be0beb8 -> 
  custom:framework-osx-AVFoundation: e770b220cccbd017edd2c1fefb359320 -> 
  custom:video-encoder-webm-vp8: eb34c28f22e8b96e1ab97ce403110664 -> 
  custom:audio-decoder-ogg-vorbis: bf7c407c2cedff20999df2af8eb42d56 -> 
  custom:audio-encoder-webm-vorbis: bf7c407c2cedff20999df2af8eb42d56 -> 
========================================================================
Received Import Request.
  Time since last request: 25041.686898 seconds.
  path: Assets/Settings/temp.renderTexture
  artifactKey: Guid(3a2cc21f7144744a59b0a98a1c07ccb9) Importer(815301076,1909f56bfc062723c751e8b465ee728b)
Start importing Assets/Settings/temp.renderTexture using Guid(3a2cc21f7144744a59b0a98a1c07ccb9) Importer(815301076,1909f56bfc062723c751e8b465ee728b)  -> (artifact id: '4ff2f29330a81d7774c5720e7d17cd3b') in 0.087046 seconds
Number of updated asset objects reloaded before import = 0
Number of asset objects unloaded after import = 2
========================================================================
Received Import Request.
  Time since last request: 27.884789 seconds.
  path: Assets/Scenes/Vis.unity
  artifactKey: Guid(2fd65227a29de4ad4bbf580756edb7eb) Importer(815301076,1909f56bfc062723c751e8b465ee728b)
Start importing Assets/Scenes/Vis.unity using Guid(2fd65227a29de4ad4bbf580756edb7eb) Importer(815301076,1909f56bfc062723c751e8b465ee728b)  -> (artifact id: 'ef30e2d46d34f631b8af3a8cfaa1991c') in 0.000691 seconds
Number of updated asset objects reloaded before import = 0
Number of asset objects unloaded after import = 0
========================================================================
Received Prepare
Refreshing native plugins compatible for Editor in 10.01 ms, found 2 plugins.
Preloading 0 native plugins for Editor in 0.00 ms.
Unloading 5 Unused Serialized files (Serialized files now loaded: 0)
Unloading 5 unused Assets / (432.2 KB). Loaded Objects now: 5901.
Memory consumption went from 111.2 MB to 110.8 MB.
Total: 6.370004 ms (FindLiveObjects: 0.432900 ms CreateObjectMapping: 0.418554 ms MarkObjects: 5.178193 ms  DeleteObjects: 0.339524 ms)

Prepare: number of updated asset objects reloaded= 0
AssetImportParameters requested are different than current active one (requested -> active):
  custom:container-demuxer-ogg: 62fdf1f143b41e24485cea50d1cbac27 -> 
  custom:video-decoder-ogg-theora: a1e56fd34408186e4bbccfd4996cb3dc -> 
  custom:CustomObjectIndexerAttribute: a3ef5dd2817f97addfee359851a9dba5 -> 
  custom:container-demuxer-webm: 4f35f7cbe854078d1ac9338744f61a02 -> 
  custom:container-muxer-webm: aa71ff27fc2769a1b78a27578f13a17b -> 
  custom:video-decoder-webm-vp8: 9c59270c3fd7afecdb556c50c9e8de78 -> 
  custom:SearchIndexIgnoredProperties: e643bd26f0fe6173181afceb89e7c659 -> 
  custom:AudioImporter_EditorPlatform: 3918e3fc78b5a79bad01e8451be0beb8 -> 
  custom:framework-osx-AVFoundation: e770b220cccbd017edd2c1fefb359320 -> 
  custom:video-encoder-webm-vp8: eb34c28f22e8b96e1ab97ce403110664 -> 
  custom:audio-decoder-ogg-vorbis: bf7c407c2cedff20999df2af8eb42d56 -> 
  custom:audio-encoder-webm-vorbis: bf7c407c2cedff20999df2af8eb42d56 -> 
========================================================================
Received Import Request.
  Time since last request: 49.444372 seconds.
  path: Assets/New Terrain.asset
  artifactKey: Guid(ef34f291d4fd34e3ea92179d3775a7cc) Importer(815301076,1909f56bfc062723c751e8b465ee728b)
Start importing Assets/New Terrain.asset using Guid(ef34f291d4fd34e3ea92179d3775a7cc) Importer(815301076,1909f56bfc062723c751e8b465ee728b)  -> (artifact id: '626f0ec1eb89f99e0a48b9a795485ca2') in 0.007178 seconds
Number of updated asset objects reloaded before import = 0
Number of asset objects unloaded after import = 1
========================================================================
Received Import Request.
  Time since last request: 48.303510 seconds.
  path: Assets/x.cs
  artifactKey: Guid(c24c599c445b5448881c31c2618ba8a6) Importer(815301076,1909f56bfc062723c751e8b465ee728b)
Start importing Assets/x.cs using Guid(c24c599c445b5448881c31c2618ba8a6) Importer(815301076,1909f56bfc062723c751e8b465ee728b)  -> (artifact id: '3bb1becc8999c2e336806f4e2f33a2ee') in 0.000725 seconds
Number of updated asset objects reloaded before import = 0
Number of asset objects unloaded after import = 0
========================================================================
Received Import Request.
  Time since last request: 17.457494 seconds.
  path: Assets/Minions Grass/GrassBlades.compute
  artifactKey: Guid(b227558a9bd3e493a90ca31031b35672) Importer(815301076,1909f56bfc062723c751e8b465ee728b)
Start importing Assets/Minions Grass/GrassBlades.compute using Guid(b227558a9bd3e493a90ca31031b35672) Importer(815301076,1909f56bfc062723c751e8b465ee728b)  -> (artifact id: '2b3ecb8b4dbaec9f89fdca83ccfaa043') in 0.000856 seconds
Number of updated asset objects reloaded before import = 0
Number of asset objects unloaded after import = 1
========================================================================
Received Import Request.
  Time since last request: 0.000050 seconds.
  path: Assets/Minions Grass/MinionsGrass.mat
  artifactKey: Guid(395cdd256a4ab4d30a99433224ca84d9) Importer(815301076,1909f56bfc062723c751e8b465ee728b)
Start importing Assets/Minions Grass/MinionsGrass.mat using Guid(395cdd256a4ab4d30a99433224ca84d9) Importer(815301076,1909f56bfc062723c751e8b465ee728b) Metal: Vertex or Fragment Shader "Shader Graphs/MinionsGrass" requires a ComputeBuffer at index 2 to be bound, but none provided. Skipping draw calls to avoid crashing.
UnityEngine.StackTraceUtility:ExtractStackTrace () (at /Users/bokken/build/output/unity/unity/Runtime/Export/Scripting/StackTrace.cs:37)
UnityEngine.Rendering.ScriptableRenderContext:Submit_Internal ()
UnityEngine.Rendering.ScriptableRenderContext:Submit () (at /Users/bokken/build/output/unity/unity/Runtime/Export/RenderPipeline/ScriptableRenderContext.cs:117)
UnityEngine.Rendering.Universal.UniversalRenderPipeline:RenderSingleCamera (UnityEngine.Rendering.ScriptableRenderContext,UnityEngine.Rendering.Universal.CameraData&) (at ./Library/PackageCache/com.unity.render-pipelines.universal@14.0.9/Runtime/UniversalRenderPipeline.cs:667)
UnityEngine.Rendering.Universal.UniversalRenderPipeline:RenderSingleCameraInternal (UnityEngine.Rendering.ScriptableRenderContext,UnityEngine.Camera) (at ./Library/PackageCache/com.unity.render-pipelines.universal@14.0.9/Runtime/UniversalRenderPipeline.cs:537)
UnityEngine.Rendering.Universal.UniversalRenderPipeline:Render (UnityEngine.Rendering.ScriptableRenderContext,System.Collections.Generic.List`1<UnityEngine.Camera>) (at ./Library/PackageCache/com.unity.render-pipelines.universal@14.0.9/Runtime/UniversalRenderPipeline.cs:378)
UnityEngine.Rendering.RenderPipeline:InternalRender (UnityEngine.Rendering.ScriptableRenderContext,System.Collections.Generic.List`1<UnityEngine.Camera>) (at /Users/bokken/build/output/unity/unity/Runtime/Export/RenderPipeline/RenderPipeline.cs:52)
UnityEngine.Rendering.RenderPipelineManager:DoRenderLoop_Internal (UnityEngine.Rendering.RenderPipelineAsset,intptr,UnityEngine.Object,Unity.Collections.LowLevel.Unsafe.AtomicSafetyHandle) (at /Users/bokken/build/output/unity/unity/Runtime/Export/RenderPipeline/RenderPipelineManager.cs:132)
UnityEditor.PreviewRenderUtility:Render (bool,bool) (at /Users/bokken/build/output/unity/unity/Editor/Mono/Inspector/PreviewRenderUtility.cs:539)
UnityEditor.MaterialEditor:DoRenderPreview (UnityEditor.PreviewRenderUtility,bool) (at /Users/bokken/build/output/unity/unity/Editor/Mono/Inspector/MaterialEditor.cs:2729)
UnityEditor.MaterialEditor:RenderStaticPreview (string,UnityEngine.Object[],int,int) (at /Users/bokken/build/output/unity/unity/Editor/Mono/Inspector/MaterialEditor.cs:2591)
UnityEditor.AssetPreviewUpdater:CreatePreview (UnityEngine.Object,UnityEngine.Object[],string,int,int) (at /Users/bokken/build/output/unity/unity/Editor/Mono/AssetPreviewUpdater.cs:47)
UnityEditor.AssetPreviewUpdater:CreatePreviewForAsset (UnityEngine.Object,UnityEngine.Object[],string) (at /Users/bokken/build/output/unity/unity/Editor/Mono/AssetPreviewUpdater.cs:14)

[/Users/bokken/build/output/unity/unity/Runtime/Export/Scripting/StackTrace.cs line 37]

 -> (artifact id: '5ce26a46600a7519f516fc29e740a3cb') in 0.545641 seconds
Number of updated asset objects reloaded before import = 0
Number of asset objects unloaded after import = 3
========================================================================
Received Prepare
Begin MonoManager ReloadAssembly
- Loaded All Assemblies, in  0.716 seconds
Refreshing native plugins compatible for Editor in 2.04 ms, found 2 plugins.
Native extension for OSXStandalone target not found
[Package Manager] Server::EnsureServerProcessIsRunning -- launch failed, reason: Unity was launched with the -noUpm command-line argument
[Package Manager] UpmClient::Send -- Unable to send message (not connected to UPM process).
[Package Manager] Cannot connect to Unity Package Manager local server
Mono: successfully reloaded assembly
- Finished resetting the current domain, in  2.187 seconds
Domain Reload Profiling: 2903ms
	BeginReloadAssembly (223ms)
		ExecutionOrderSort (0ms)
		DisableScriptedObjects (12ms)
		BackupInstance (0ms)
		ReleaseScriptingObjects (0ms)
		CreateAndSetChildDomain (78ms)
	RebuildCommonClasses (43ms)
	RebuildNativeTypeToScriptingClass (14ms)
	initialDomainReloadingComplete (34ms)
	LoadAllAssembliesAndSetupDomain (402ms)
		LoadAssemblies (422ms)
		RebuildTransferFunctionScriptingTraits (0ms)
		AnalyzeDomain (73ms)
			TypeCache.Refresh (16ms)
				TypeCache.ScanAssembly (2ms)
			ScanForSourceGeneratedMonoScriptInfo (38ms)
			ResolveRequiredComponents (17ms)
	FinalizeReload (2187ms)
		ReleaseScriptCaches (0ms)
		RebuildScriptCaches (0ms)
		SetupLoadedEditorAssemblies (744ms)
			LogAssemblyErrors (0ms)
			InitializePlatformSupportModulesInManaged (5ms)
			SetLoadedEditorAssemblies (4ms)
			RefreshPlugins (0ms)
			BeforeProcessingInitializeOnLoad (66ms)
			ProcessInitializeOnLoadAttributes (606ms)
			ProcessInitializeOnLoadMethodAttributes (63ms)
			AfterProcessingInitializeOnLoad (2ms)
			EditorAssembliesLoaded (0ms)
		ExecutionOrderSort2 (0ms)
		AwakeInstancesAfterBackupRestoration (25ms)
Refreshing native plugins compatible for Editor in 2.02 ms, found 2 plugins.
Preloading 0 native plugins for Editor in 0.00 ms.
Unloading 5327 Unused Serialized files (Serialized files now loaded: 0)
Unloading 44 unused Assets / (454.1 KB). Loaded Objects now: 6007.
Memory consumption went from 207.1 MB to 206.6 MB.
Total: 5.393214 ms (FindLiveObjects: 0.437950 ms CreateObjectMapping: 0.454495 ms MarkObjects: 4.282988 ms  DeleteObjects: 0.216811 ms)

Prepare: number of updated asset objects reloaded= 0
AssetImportParameters requested are different than current active one (requested -> active):
  custom:container-demuxer-ogg: 62fdf1f143b41e24485cea50d1cbac27 -> 
  custom:video-decoder-ogg-theora: a1e56fd34408186e4bbccfd4996cb3dc -> 
  custom:CustomObjectIndexerAttribute: a3ef5dd2817f97addfee359851a9dba5 -> 
  custom:container-demuxer-webm: 4f35f7cbe854078d1ac9338744f61a02 -> 
  custom:container-muxer-webm: aa71ff27fc2769a1b78a27578f13a17b -> 
  custom:video-decoder-webm-vp8: 9c59270c3fd7afecdb556c50c9e8de78 -> 
  custom:SearchIndexIgnoredProperties: e643bd26f0fe6173181afceb89e7c659 -> 
  custom:AudioImporter_EditorPlatform: 3918e3fc78b5a79bad01e8451be0beb8 -> 
  custom:framework-osx-AVFoundation: e770b220cccbd017edd2c1fefb359320 -> 
  custom:video-encoder-webm-vp8: eb34c28f22e8b96e1ab97ce403110664 -> 
  custom:audio-decoder-ogg-vorbis: bf7c407c2cedff20999df2af8eb42d56 -> 
  custom:audio-encoder-webm-vorbis: bf7c407c2cedff20999df2af8eb42d56 -> 
========================================================================
Received Import Request.
  Time since last request: 281.265392 seconds.
  path: Assets/Materials/Grass.mat
  artifactKey: Guid(d8f46fdaab10e4cd5ba4409e9977af92) Importer(815301076,1909f56bfc062723c751e8b465ee728b)
Start importing Assets/Materials/Grass.mat using Guid(d8f46fdaab10e4cd5ba4409e9977af92) Importer(815301076,1909f56bfc062723c751e8b465ee728b)  -> (artifact id: '3351e7806602a2674b6fbb76a17402f9') in 0.549000 seconds
Number of updated asset objects reloaded before import = 0
Number of asset objects unloaded after import = 22
========================================================================
Received Import Request.
  Time since last request: 0.000055 seconds.
  path: Assets/Materials/Ground.mat
  artifactKey: Guid(3ea386248f211495eb627037f6b019d2) Importer(815301076,1909f56bfc062723c751e8b465ee728b)
Start importing Assets/Materials/Ground.mat using Guid(3ea386248f211495eb627037f6b019d2) Importer(815301076,1909f56bfc062723c751e8b465ee728b)  -> (artifact id: 'd9956d30b3081c107a61a0b26d0b5533') in 0.600361 seconds
Number of updated asset objects reloaded before import = 0
Number of asset objects unloaded after import = 3
========================================================================
Received Import Request.
  Time since last request: 0.000097 seconds.
  path: Assets/Materials/Snow Ambient.mat
  artifactKey: Guid(79e42336cacc145f89016f2b75cd20de) Importer(815301076,1909f56bfc062723c751e8b465ee728b)
Start importing Assets/Materials/Snow Ambient.mat using Guid(79e42336cacc145f89016f2b75cd20de) Importer(815301076,1909f56bfc062723c751e8b465ee728b)  -> (artifact id: '2e04f5f42b8ed078888c34e5ea2764d1') in 1.626400 seconds
Number of updated asset objects reloaded before import = 0
Number of asset objects unloaded after import = 3
========================================================================
Received Import Request.
  Time since last request: 0.000060 seconds.
  path: Assets/Models/TerrainGrass.png
  artifactKey: Guid(455a3c266f15a4224830ae7d2c376910) Importer(815301076,1909f56bfc062723c751e8b465ee728b)
Start importing Assets/Models/TerrainGrass.png using Guid(455a3c266f15a4224830ae7d2c376910) Importer(815301076,1909f56bfc062723c751e8b465ee728b)  -> (artifact id: '3470b66ee70602affc62eaafb8d5b4ff') in 0.012802 seconds
Number of updated asset objects reloaded before import = 0
Number of asset objects unloaded after import = 2
========================================================================
Received Import Request.
  Time since last request: 0.000080 seconds.
  path: Assets/Models/Octagonal Prism.mesh
  artifactKey: Guid(f108ea1f777764c9b87d890a44b4907b) Importer(815301076,1909f56bfc062723c751e8b465ee728b)
Start importing Assets/Models/Octagonal Prism.mesh using Guid(f108ea1f777764c9b87d890a44b4907b) Importer(815301076,1909f56bfc062723c751e8b465ee728b)  -> (artifact id: '91b91b061cab7a7ab36bad3fa29d192f') in 0.517891 seconds
Number of updated asset objects reloaded before import = 0
Number of asset objects unloaded after import = 2
========================================================================
Received Import Request.
  Time since last request: 0.000055 seconds.
  path: Assets/Materials/Water Still.mat
  artifactKey: Guid(891c4651ba6084170b51f18deff6250a) Importer(815301076,1909f56bfc062723c751e8b465ee728b)
Start importing Assets/Materials/Water Still.mat using Guid(891c4651ba6084170b51f18deff6250a) Importer(815301076,1909f56bfc062723c751e8b465ee728b)  -> (artifact id: '94e858c6d6388cf647a11e1c73f71aaf') in 0.619517 seconds
Number of updated asset objects reloaded before import = 0
Number of asset objects unloaded after import = 3
========================================================================
Received Import Request.
  Time since last request: 0.000054 seconds.
  path: Assets/Materials/Master Material.mat
  artifactKey: Guid(c1b07f0e5550d4772931ee7dceab3f04) Importer(815301076,1909f56bfc062723c751e8b465ee728b)
Start importing Assets/Materials/Master Material.mat using Guid(c1b07f0e5550d4772931ee7dceab3f04) Importer(815301076,1909f56bfc062723c751e8b465ee728b)  -> (artifact id: '2c8a1d3ad7c179fae451f953c6119855') in 0.014478 seconds
Number of updated asset objects reloaded before import = 0
Number of asset objects unloaded after import = 3
========================================================================
Received Import Request.
  Time since last request: 0.000089 seconds.
  path: Assets/Materials/Rock Ambient Orange 1.mat
  artifactKey: Guid(342ee6208e7a34b8b9744a63b42f4175) Importer(815301076,1909f56bfc062723c751e8b465ee728b)
Start importing Assets/Materials/Rock Ambient Orange 1.mat using Guid(342ee6208e7a34b8b9744a63b42f4175) Importer(815301076,1909f56bfc062723c751e8b465ee728b)  -> (artifact id: '4d6d58713a9c3defba42e12e8750d0eb') in 0.021694 seconds
Number of updated asset objects reloaded before import = 0
Number of asset objects unloaded after import = 3
========================================================================
Received Import Request.
  Time since last request: 0.000061 seconds.
  path: Assets/Materials/Rock Ambient Orange 2.mat
  artifactKey: Guid(5997a79502eb84fbbab93e4f769c6eba) Importer(815301076,1909f56bfc062723c751e8b465ee728b)
Start importing Assets/Materials/Rock Ambient Orange 2.mat using Guid(5997a79502eb84fbbab93e4f769c6eba) Importer(815301076,1909f56bfc062723c751e8b465ee728b)  -> (artifact id: '95f71011bad158e16f8d585ff9c04cf8') in 0.013881 seconds
Number of updated asset objects reloaded before import = 0
Number of asset objects unloaded after import = 3
========================================================================
Received Import Request.
  Time since last request: 0.000061 seconds.
  path: Assets/Materials/Rock.mat
  artifactKey: Guid(73beb2d7f29274fad99394a2541f0c0e) Importer(815301076,1909f56bfc062723c751e8b465ee728b)
Start importing Assets/Materials/Rock.mat using Guid(73beb2d7f29274fad99394a2541f0c0e) Importer(815301076,1909f56bfc062723c751e8b465ee728b)  -> (artifact id: 'a7632cb51716e3000a83c88a06259df5') in 0.015443 seconds
Number of updated asset objects reloaded before import = 0
Number of asset objects unloaded after import = 4
========================================================================
Received Import Request.
  Time since last request: 0.000060 seconds.
  path: Assets/Models/grass.png
  artifactKey: Guid(e0b8ae7ed3d564a31b63d65e4b512181) Importer(815301076,1909f56bfc062723c751e8b465ee728b)
Start importing Assets/Models/grass.png using Guid(e0b8ae7ed3d564a31b63d65e4b512181) Importer(815301076,1909f56bfc062723c751e8b465ee728b)  -> (artifact id: '457547ed4e4e11e1b0ea3a8fe8e73e14') in 0.021333 seconds
Number of updated asset objects reloaded before import = 0
Number of asset objects unloaded after import = 2
========================================================================
Received Import Request.
  Time since last request: 0.000099 seconds.
  path: Assets/Materials/Iron.mat
  artifactKey: Guid(9c26f4cea37b3448399e431856d04d71) Importer(815301076,1909f56bfc062723c751e8b465ee728b)
Start importing Assets/Materials/Iron.mat using Guid(9c26f4cea37b3448399e431856d04d71) Importer(815301076,1909f56bfc062723c751e8b465ee728b)  -> (artifact id: '7289f3cb8816e7209cbcad04350dec61') in 0.012782 seconds
Number of updated asset objects reloaded before import = 0
Number of asset objects unloaded after import = 3
========================================================================
Received Import Request.
  Time since last request: 58.577950 seconds.
  path: Assets/Shader Functions/Depth Diff.shadersubgraph
  artifactKey: Guid(4a63294214e1f4de3a4c390c7ffa7656) Importer(815301076,1909f56bfc062723c751e8b465ee728b)
Start importing Assets/Shader Functions/Depth Diff.shadersubgraph using Guid(4a63294214e1f4de3a4c390c7ffa7656) Importer(815301076,1909f56bfc062723c751e8b465ee728b)  -> (artifact id: 'd9b1d9e1939bec84df5485cbf265c9de') in 0.010126 seconds
Number of updated asset objects reloaded before import = 1
Number of asset objects unloaded after import = 1
========================================================================
Received Prepare
Begin MonoManager ReloadAssembly
- Loaded All Assemblies, in  0.645 seconds
Refreshing native plugins compatible for Editor in 2.18 ms, found 2 plugins.
Native extension for OSXStandalone target not found
[Package Manager] Server::EnsureServerProcessIsRunning -- launch failed, reason: Unity was launched with the -noUpm command-line argument
[Package Manager] UpmClient::Send -- Unable to send message (not connected to UPM process).
[Package Manager] Cannot connect to Unity Package Manager local server
Mono: successfully reloaded assembly
- Finished resetting the current domain, in  2.181 seconds
Domain Reload Profiling: 2826ms
	BeginReloadAssembly (210ms)
		ExecutionOrderSort (0ms)
		DisableScriptedObjects (11ms)
		BackupInstance (0ms)
		ReleaseScriptingObjects (0ms)
		CreateAndSetChildDomain (85ms)
	RebuildCommonClasses (47ms)
	RebuildNativeTypeToScriptingClass (17ms)
	initialDomainReloadingComplete (29ms)
	LoadAllAssembliesAndSetupDomain (342ms)
		LoadAssemblies (354ms)
		RebuildTransferFunctionScriptingTraits (0ms)
		AnalyzeDomain (68ms)
			TypeCache.Refresh (13ms)
				TypeCache.ScanAssembly (1ms)
			ScanForSourceGeneratedMonoScriptInfo (35ms)
			ResolveRequiredComponents (17ms)
	FinalizeReload (2182ms)
		ReleaseScriptCaches (0ms)
		RebuildScriptCaches (0ms)
		SetupLoadedEditorAssemblies (722ms)
			LogAssemblyErrors (0ms)
			InitializePlatformSupportModulesInManaged (4ms)
			SetLoadedEditorAssemblies (3ms)
			RefreshPlugins (0ms)
			BeforeProcessingInitializeOnLoad (67ms)
			ProcessInitializeOnLoadAttributes (587ms)
			ProcessInitializeOnLoadMethodAttributes (58ms)
			AfterProcessingInitializeOnLoad (2ms)
			EditorAssembliesLoaded (0ms)
		ExecutionOrderSort2 (0ms)
		AwakeInstancesAfterBackupRestoration (23ms)
Refreshing native plugins compatible for Editor in 1.91 ms, found 2 plugins.
Preloading 0 native plugins for Editor in 0.00 ms.
Unloading 5330 Unused Serialized files (Serialized files now loaded: 0)
Unloading 44 unused Assets / (454.2 KB). Loaded Objects now: 6080.
Memory consumption went from 219.8 MB to 219.4 MB.
Total: 6.319231 ms (FindLiveObjects: 0.696479 ms CreateObjectMapping: 0.717982 ms MarkObjects: 4.671586 ms  DeleteObjects: 0.232301 ms)

Prepare: number of updated asset objects reloaded= 0
AssetImportParameters requested are different than current active one (requested -> active):
  custom:container-demuxer-ogg: 62fdf1f143b41e24485cea50d1cbac27 -> 
  custom:video-decoder-ogg-theora: a1e56fd34408186e4bbccfd4996cb3dc -> 
  custom:CustomObjectIndexerAttribute: a3ef5dd2817f97addfee359851a9dba5 -> 
  custom:container-demuxer-webm: 4f35f7cbe854078d1ac9338744f61a02 -> 
  custom:container-muxer-webm: aa71ff27fc2769a1b78a27578f13a17b -> 
  custom:video-decoder-webm-vp8: 9c59270c3fd7afecdb556c50c9e8de78 -> 
  custom:SearchIndexIgnoredProperties: e643bd26f0fe6173181afceb89e7c659 -> 
  custom:AudioImporter_EditorPlatform: 3918e3fc78b5a79bad01e8451be0beb8 -> 
  custom:framework-osx-AVFoundation: e770b220cccbd017edd2c1fefb359320 -> 
  custom:video-encoder-webm-vp8: eb34c28f22e8b96e1ab97ce403110664 -> 
  custom:audio-decoder-ogg-vorbis: bf7c407c2cedff20999df2af8eb42d56 -> 
  custom:audio-encoder-webm-vorbis: bf7c407c2cedff20999df2af8eb42d56 -> 
========================================================================
Received Prepare
Begin MonoManager ReloadAssembly
- Loaded All Assemblies, in  0.560 seconds
Refreshing native plugins compatible for Editor in 2.12 ms, found 2 plugins.
Native extension for OSXStandalone target not found
[Package Manager] Server::EnsureServerProcessIsRunning -- launch failed, reason: Unity was launched with the -noUpm command-line argument
[Package Manager] UpmClient::Send -- Unable to send message (not connected to UPM process).
[Package Manager] Cannot connect to Unity Package Manager local server
Mono: successfully reloaded assembly
- Finished resetting the current domain, in  2.099 seconds
Domain Reload Profiling: 2659ms
	BeginReloadAssembly (181ms)
		ExecutionOrderSort (0ms)
		DisableScriptedObjects (5ms)
		BackupInstance (0ms)
		ReleaseScriptingObjects (0ms)
		CreateAndSetChildDomain (65ms)
	RebuildCommonClasses (45ms)
	RebuildNativeTypeToScriptingClass (15ms)
	initialDomainReloadingComplete (28ms)
	LoadAllAssembliesAndSetupDomain (291ms)
		LoadAssemblies (303ms)
		RebuildTransferFunctionScriptingTraits (0ms)
		AnalyzeDomain (64ms)
			TypeCache.Refresh (11ms)
				TypeCache.ScanAssembly (1ms)
			ScanForSourceGeneratedMonoScriptInfo (34ms)
			ResolveRequiredComponents (16ms)
	FinalizeReload (2100ms)
		ReleaseScriptCaches (0ms)
		RebuildScriptCaches (0ms)
		SetupLoadedEditorAssemblies (782ms)
			LogAssemblyErrors (0ms)
			InitializePlatformSupportModulesInManaged (4ms)
			SetLoadedEditorAssemblies (4ms)
			RefreshPlugins (0ms)
			BeforeProcessingInitializeOnLoad (67ms)
			ProcessInitializeOnLoadAttributes (644ms)
			ProcessInitializeOnLoadMethodAttributes (61ms)
			AfterProcessingInitializeOnLoad (2ms)
			EditorAssembliesLoaded (0ms)
		ExecutionOrderSort2 (0ms)
		AwakeInstancesAfterBackupRestoration (23ms)
Refreshing native plugins compatible for Editor in 2.36 ms, found 2 plugins.
Preloading 0 native plugins for Editor in 0.00 ms.
Unloading 5326 Unused Serialized files (Serialized files now loaded: 0)
Unloading 44 unused Assets / (454.1 KB). Loaded Objects now: 6102.
Memory consumption went from 226.6 MB to 226.1 MB.
Total: 5.628676 ms (FindLiveObjects: 0.461479 ms CreateObjectMapping: 0.416860 ms MarkObjects: 4.520462 ms  DeleteObjects: 0.228983 ms)

Prepare: number of updated asset objects reloaded= 0
AssetImportParameters requested are different than current active one (requested -> active):
  custom:container-demuxer-ogg: 62fdf1f143b41e24485cea50d1cbac27 -> 
  custom:video-decoder-ogg-theora: a1e56fd34408186e4bbccfd4996cb3dc -> 
  custom:CustomObjectIndexerAttribute: a3ef5dd2817f97addfee359851a9dba5 -> 
  custom:container-demuxer-webm: 4f35f7cbe854078d1ac9338744f61a02 -> 
  custom:container-muxer-webm: aa71ff27fc2769a1b78a27578f13a17b -> 
  custom:video-decoder-webm-vp8: 9c59270c3fd7afecdb556c50c9e8de78 -> 
  custom:SearchIndexIgnoredProperties: e643bd26f0fe6173181afceb89e7c659 -> 
  custom:AudioImporter_EditorPlatform: 3918e3fc78b5a79bad01e8451be0beb8 -> 
  custom:framework-osx-AVFoundation: e770b220cccbd017edd2c1fefb359320 -> 
  custom:video-encoder-webm-vp8: eb34c28f22e8b96e1ab97ce403110664 -> 
  custom:audio-decoder-ogg-vorbis: bf7c407c2cedff20999df2af8eb42d56 -> 
  custom:audio-encoder-webm-vorbis: bf7c407c2cedff20999df2af8eb42d56 -> 
========================================================================
Received Prepare
Begin MonoManager ReloadAssembly
- Loaded All Assemblies, in  0.575 seconds
Refreshing native plugins compatible for Editor in 1.95 ms, found 2 plugins.
Native extension for OSXStandalone target not found
[Package Manager] Server::EnsureServerProcessIsRunning -- launch failed, reason: Unity was launched with the -noUpm command-line argument
[Package Manager] UpmClient::Send -- Unable to send message (not connected to UPM process).
[Package Manager] Cannot connect to Unity Package Manager local server
Mono: successfully reloaded assembly
- Finished resetting the current domain, in  1.990 seconds
Domain Reload Profiling: 2565ms
	BeginReloadAssembly (180ms)
		ExecutionOrderSort (0ms)
		DisableScriptedObjects (5ms)
		BackupInstance (0ms)
		ReleaseScriptingObjects (0ms)
		CreateAndSetChildDomain (63ms)
	RebuildCommonClasses (41ms)
	RebuildNativeTypeToScriptingClass (14ms)
	initialDomainReloadingComplete (27ms)
	LoadAllAssembliesAndSetupDomain (313ms)
		LoadAssemblies (324ms)
		RebuildTransferFunctionScriptingTraits (0ms)
		AnalyzeDomain (66ms)
			TypeCache.Refresh (12ms)
				TypeCache.ScanAssembly (1ms)
			ScanForSourceGeneratedMonoScriptInfo (35ms)
			ResolveRequiredComponents (16ms)
	FinalizeReload (1991ms)
		ReleaseScriptCaches (0ms)
		RebuildScriptCaches (0ms)
		SetupLoadedEditorAssemblies (720ms)
			LogAssemblyErrors (0ms)
			InitializePlatformSupportModulesInManaged (4ms)
			SetLoadedEditorAssemblies (4ms)
			RefreshPlugins (0ms)
			BeforeProcessingInitializeOnLoad (69ms)
			ProcessInitializeOnLoadAttributes (583ms)
			ProcessInitializeOnLoadMethodAttributes (58ms)
			AfterProcessingInitializeOnLoad (2ms)
			EditorAssembliesLoaded (0ms)
		ExecutionOrderSort2 (0ms)
		AwakeInstancesAfterBackupRestoration (23ms)
Refreshing native plugins compatible for Editor in 2.14 ms, found 2 plugins.
Preloading 0 native plugins for Editor in 0.00 ms.
Unloading 5325 Unused Serialized files (Serialized files now loaded: 0)
Unloading 45 unused Assets / (454.5 KB). Loaded Objects now: 6123.
Memory consumption went from 234.3 MB to 233.8 MB.
Total: 4.859571 ms (FindLiveObjects: 0.499174 ms CreateObjectMapping: 0.386185 ms MarkObjects: 3.775523 ms  DeleteObjects: 0.197705 ms)

Prepare: number of updated asset objects reloaded= 0
AssetImportParameters requested are different than current active one (requested -> active):
  custom:container-demuxer-ogg: 62fdf1f143b41e24485cea50d1cbac27 -> 
  custom:video-decoder-ogg-theora: a1e56fd34408186e4bbccfd4996cb3dc -> 
  custom:CustomObjectIndexerAttribute: a3ef5dd2817f97addfee359851a9dba5 -> 
  custom:container-demuxer-webm: 4f35f7cbe854078d1ac9338744f61a02 -> 
  custom:container-muxer-webm: aa71ff27fc2769a1b78a27578f13a17b -> 
  custom:video-decoder-webm-vp8: 9c59270c3fd7afecdb556c50c9e8de78 -> 
  custom:SearchIndexIgnoredProperties: e643bd26f0fe6173181afceb89e7c659 -> 
  custom:AudioImporter_EditorPlatform: 3918e3fc78b5a79bad01e8451be0beb8 -> 
  custom:framework-osx-AVFoundation: e770b220cccbd017edd2c1fefb359320 -> 
  custom:video-encoder-webm-vp8: eb34c28f22e8b96e1ab97ce403110664 -> 
  custom:audio-decoder-ogg-vorbis: bf7c407c2cedff20999df2af8eb42d56 -> 
  custom:audio-encoder-webm-vorbis: bf7c407c2cedff20999df2af8eb42d56 -> 
========================================================================
Received Import Request.
  Time since last request: 857.776121 seconds.
  path: Assets/Settings/Grass Settings.asset
  artifactKey: Guid(97bacef767a9b4a7fbd239b261899fc0) Importer(815301076,1909f56bfc062723c751e8b465ee728b)
Start importing Assets/Settings/Grass Settings.asset using Guid(97bacef767a9b4a7fbd239b261899fc0) Importer(815301076,1909f56bfc062723c751e8b465ee728b)  -> (artifact id: 'ca726dc5373932e83ad5ab95da717fea') in 0.033982 seconds
Number of updated asset objects reloaded before import = 0
Number of asset objects unloaded after import = 3
========================================================================
Received Import Request.
  Time since last request: 405.075984 seconds.
  path: Assets/Settings/Grass Settings.asset
  artifactKey: Guid(97bacef767a9b4a7fbd239b261899fc0) Importer(815301076,1909f56bfc062723c751e8b465ee728b)
Start importing Assets/Settings/Grass Settings.asset using Guid(97bacef767a9b4a7fbd239b261899fc0) Importer(815301076,1909f56bfc062723c751e8b465ee728b)  -> (artifact id: '0226220d220ef516e64e381ebf4b0af8') in 0.004806 seconds
Number of updated asset objects reloaded before import = 3
Number of asset objects unloaded after import = 3
========================================================================
Received Import Request.
  Time since last request: 4.709331 seconds.
  path: Assets/Shaders/Grass.shadergraph
  artifactKey: Guid(91c55f4808faf493791f4f9801ae9c65) Importer(815301076,1909f56bfc062723c751e8b465ee728b)
Start importing Assets/Shaders/Grass.shadergraph using Guid(91c55f4808faf493791f4f9801ae9c65) Importer(815301076,1909f56bfc062723c751e8b465ee728b)  -> (artifact id: 'ee8cb73836996a0227f20b7dfff589cd') in 0.400305 seconds
Number of updated asset objects reloaded before import = 0
Number of asset objects unloaded after import = 20
========================================================================
Received Import Request.
  Time since last request: 5.548896 seconds.
  path: Assets/Materials/Ground.mat
  artifactKey: Guid(3ea386248f211495eb627037f6b019d2) Importer(815301076,1909f56bfc062723c751e8b465ee728b)
Start importing Assets/Materials/Ground.mat using Guid(3ea386248f211495eb627037f6b019d2) Importer(815301076,1909f56bfc062723c751e8b465ee728b)  -> (artifact id: '04cd744af236eb4e782895d80d62073c') in 0.017664 seconds
Number of updated asset objects reloaded before import = 2
Number of asset objects unloaded after import = 2
========================================================================
Received Import Request.
  Time since last request: 9.850050 seconds.
  path: Assets/Settings/GrassTexture.renderTexture
  artifactKey: Guid(3a2cc21f7144744a59b0a98a1c07ccb9) Importer(815301076,1909f56bfc062723c751e8b465ee728b)
Start importing Assets/Settings/GrassTexture.renderTexture using Guid(3a2cc21f7144744a59b0a98a1c07ccb9) Importer(815301076,1909f56bfc062723c751e8b465ee728b)  -> (artifact id: '543d3f97521b53d02b641c415ecf0c50') in 0.015770 seconds
Number of updated asset objects reloaded before import = 0
Number of asset objects unloaded after import = 2
========================================================================
Received Import Request.
  Time since last request: 8.013637 seconds.
  path: Assets/Shaders/CelShadeLit.shadergraph
  artifactKey: Guid(7442e5c79e1754fbabffadb57694c13d) Importer(815301076,1909f56bfc062723c751e8b465ee728b)
Start importing Assets/Shaders/CelShadeLit.shadergraph using Guid(7442e5c79e1754fbabffadb57694c13d) Importer(815301076,1909f56bfc062723c751e8b465ee728b)  -> (artifact id: 'c9de61d13ceb569ba2c8ba84b37d1cf5') in 0.029820 seconds
Number of updated asset objects reloaded before import = 0
Number of asset objects unloaded after import = 2
========================================================================
Received Import Request.
  Time since last request: 26.210171 seconds.
  path: Assets/Shaders/QuantizedGraph.shadergraph
  artifactKey: Guid(1d96aa808e3ad47d9b30cd2145d48fea) Importer(815301076,1909f56bfc062723c751e8b465ee728b)
Start importing Assets/Shaders/QuantizedGraph.shadergraph using Guid(1d96aa808e3ad47d9b30cd2145d48fea) Importer(815301076,1909f56bfc062723c751e8b465ee728b)  -> (artifact id: '1b3ffd324ff58ce11a4d413cb0c312ce') in 0.650039 seconds
Number of updated asset objects reloaded before import = 0
Number of asset objects unloaded after import = 3
========================================================================
Received Import Request.
  Time since last request: 6.239320 seconds.
  path: Assets/Shaders/Quantized.shadergraph
  artifactKey: Guid(1d96aa808e3ad47d9b30cd2145d48fea) Importer(815301076,1909f56bfc062723c751e8b465ee728b)
Start importing Assets/Shaders/Quantized.shadergraph using Guid(1d96aa808e3ad47d9b30cd2145d48fea) Importer(815301076,1909f56bfc062723c751e8b465ee728b)  -> (artifact id: 'e77ec73f05c3efc40fea06be8f4854f2') in 0.530185 seconds
Number of updated asset objects reloaded before import = 0
Number of asset objects unloaded after import = 3
========================================================================
Received Import Request.
  Time since last request: 86.605595 seconds.
  path: Assets/Shaders/Quantized.shadergraph
  artifactKey: Guid(1d96aa808e3ad47d9b30cd2145d48fea) Importer(815301076,1909f56bfc062723c751e8b465ee728b)
Start importing Assets/Shaders/Quantized.shadergraph using Guid(1d96aa808e3ad47d9b30cd2145d48fea) Importer(815301076,1909f56bfc062723c751e8b465ee728b)  -> (artifact id: '871deb11b1a9efa91c008ce8a9982b08') in 0.557220 seconds
Number of updated asset objects reloaded before import = 0
Number of asset objects unloaded after import = 3
========================================================================
Received Import Request.
  Time since last request: 6.581967 seconds.
  path: Assets/Shaders/Quantized.mat
  artifactKey: Guid(cfb18b1f56813464aaeda33ac0abce94) Importer(815301076,1909f56bfc062723c751e8b465ee728b)
Start importing Assets/Shaders/Quantized.mat using Guid(cfb18b1f56813464aaeda33ac0abce94) Importer(815301076,1909f56bfc062723c751e8b465ee728b)  -> (artifact id: 'be0b0fa462189bed37b957d7bcb09acf') in 0.017566 seconds
Number of updated asset objects reloaded before import = 0
Number of asset objects unloaded after import = 3
========================================================================
Received Import Request.
  Time since last request: 542.218400 seconds.
  path: Assets/Shader Functions/SubGraphs
  artifactKey: Guid(cb0dd2d9c9ed34bff8204a0402497230) Importer(815301076,1909f56bfc062723c751e8b465ee728b)
Start importing Assets/Shader Functions/SubGraphs using Guid(cb0dd2d9c9ed34bff8204a0402497230) Importer(815301076,1909f56bfc062723c751e8b465ee728b)  -> (artifact id: 'a7a31246dca95a27a34a3c3de5c93643') in 0.000521 seconds
Number of updated asset objects reloaded before import = 0
Number of asset objects unloaded after import = 0
========================================================================
Received Import Request.
  Time since last request: 1.576339 seconds.
  path: Assets/Shader Functions/SubGraphs/Additional Lights.shadersubgraph
  artifactKey: Guid(f831f4743ad6aab44842def2f21aa4bd) Importer(815301076,1909f56bfc062723c751e8b465ee728b)
Start importing Assets/Shader Functions/SubGraphs/Additional Lights.shadersubgraph using Guid(f831f4743ad6aab44842def2f21aa4bd) Importer(815301076,1909f56bfc062723c751e8b465ee728b)  -> (artifact id: '19fd11442c5fae91308a83e8c2b0c9e4') in 0.004789 seconds
Number of updated asset objects reloaded before import = 0
Number of asset objects unloaded after import = 1
========================================================================
Received Import Request.
  Time since last request: 0.000071 seconds.
  path: Assets/Shader Functions/SubGraphs/Main Light Diffuse.shadersubgraph
  artifactKey: Guid(54e5956b307254749804a49de2643ea4) Importer(815301076,1909f56bfc062723c751e8b465ee728b)
Start importing Assets/Shader Functions/SubGraphs/Main Light Diffuse.shadersubgraph using Guid(54e5956b307254749804a49de2643ea4) Importer(815301076,1909f56bfc062723c751e8b465ee728b)  -> (artifact id: '7c1fe2e4e2b536bb6330a44b2dbab8ef') in 0.001453 seconds
Number of updated asset objects reloaded before import = 0
Number of asset objects unloaded after import = 1
========================================================================
Received Import Request.
  Time since last request: 0.000129 seconds.
  path: Assets/Shader Functions/SubGraphs/Main Light.shadersubgraph
  artifactKey: Guid(970d962ef25c3084987fd10643902eed) Importer(815301076,1909f56bfc062723c751e8b465ee728b)
Start importing Assets/Shader Functions/SubGraphs/Main Light.shadersubgraph using Guid(970d962ef25c3084987fd10643902eed) Importer(815301076,1909f56bfc062723c751e8b465ee728b)  -> (artifact id: '5eaf691574a08a4a9970b1d348521ce4') in 0.001067 seconds
Number of updated asset objects reloaded before import = 0
Number of asset objects unloaded after import = 1
========================================================================
Received Import Request.
  Time since last request: 0.000077 seconds.
  path: Assets/Shader Functions/SubGraphs/Main Light Shadows.shadersubgraph
  artifactKey: Guid(f3ba9248037f69f429d9e52bc2e30940) Importer(815301076,1909f56bfc062723c751e8b465ee728b)
Start importing Assets/Shader Functions/SubGraphs/Main Light Shadows.shadersubgraph using Guid(f3ba9248037f69f429d9e52bc2e30940) Importer(815301076,1909f56bfc062723c751e8b465ee728b)  -> (artifact id: '01288ac563aae848a9c8909b050f2d7f') in 0.001037 seconds
Number of updated asset objects reloaded before import = 0
Number of asset objects unloaded after import = 1
========================================================================
Received Import Request.
  Time since last request: 0.000109 seconds.
  path: Assets/Shader Functions/SubGraphs/Sample Shadowmask.shadersubgraph
  artifactKey: Guid(9138d5438d90fb24f805131efa395cf6) Importer(815301076,1909f56bfc062723c751e8b465ee728b)
Start importing Assets/Shader Functions/SubGraphs/Sample Shadowmask.shadersubgraph using Guid(9138d5438d90fb24f805131efa395cf6) Importer(815301076,1909f56bfc062723c751e8b465ee728b)  -> (artifact id: 'ec03287d8af1641ffb20b7986f57a484') in 0.001283 seconds
Number of updated asset objects reloaded before import = 0
Number of asset objects unloaded after import = 1
========================================================================
Received Import Request.
  Time since last request: 0.000114 seconds.
  path: Assets/Shader Functions/SubGraphs/Mix Fog.shadersubgraph
  artifactKey: Guid(aadfc52f8da612746841c7c5af3fcea6) Importer(815301076,1909f56bfc062723c751e8b465ee728b)
Start importing Assets/Shader Functions/SubGraphs/Mix Fog.shadersubgraph using Guid(aadfc52f8da612746841c7c5af3fcea6) Importer(815301076,1909f56bfc062723c751e8b465ee728b)  -> (artifact id: '14f8b456466f929052a45b9efc0a5b51') in 0.001286 seconds
Number of updated asset objects reloaded before import = 0
Number of asset objects unloaded after import = 1
========================================================================
Received Import Request.
  Time since last request: 8.719670 seconds.
  path: Assets/Shader Functions/Cel Shader
  artifactKey: Guid(1d51f1506e77f46798b0f803e1a92499) Importer(815301076,1909f56bfc062723c751e8b465ee728b)
Start importing Assets/Shader Functions/Cel Shader using Guid(1d51f1506e77f46798b0f803e1a92499) Importer(815301076,1909f56bfc062723c751e8b465ee728b)  -> (artifact id: '5380ea3bca2366a47ff9d99f13aa997a') in 0.000468 seconds
Number of updated asset objects reloaded before import = 0
Number of asset objects unloaded after import = 0
========================================================================
Received Import Request.
  Time since last request: 0.071765 seconds.
  path: Assets/Shader Functions/Cel Shader/Cel Shader BSDF.hlsl
  artifactKey: Guid(3beacd21b76dc41a9b233dcd6204c803) Importer(815301076,1909f56bfc062723c751e8b465ee728b)
Start importing Assets/Shader Functions/Cel Shader/Cel Shader BSDF.hlsl using Guid(3beacd21b76dc41a9b233dcd6204c803) Importer(815301076,1909f56bfc062723c751e8b465ee728b)  -> (artifact id: '0b48e336e81cb2fcc4eec23bb11d3ae0') in 0.000831 seconds
Number of updated asset objects reloaded before import = 0
Number of asset objects unloaded after import = 1
========================================================================
Received Import Request.
  Time since last request: 98.374455 seconds.
  path: Assets/Shader Functions/Quantize.hlsl
  artifactKey: Guid(167c8855db88c4cfaa4a84ecd962e17f) Importer(815301076,1909f56bfc062723c751e8b465ee728b)
Start importing Assets/Shader Functions/Quantize.hlsl using Guid(167c8855db88c4cfaa4a84ecd962e17f) Importer(815301076,1909f56bfc062723c751e8b465ee728b)  -> (artifact id: '3e5c35e43c69323e49fa04b808f737eb') in 0.001973 seconds
Number of updated asset objects reloaded before import = 2
Number of asset objects unloaded after import = 1
========================================================================
Received Import Request.
  Time since last request: 129.665170 seconds.
  path: Assets/Materials/Iron.mat
  artifactKey: Guid(9c26f4cea37b3448399e431856d04d71) Importer(815301076,1909f56bfc062723c751e8b465ee728b)
Start importing Assets/Materials/Iron.mat using Guid(9c26f4cea37b3448399e431856d04d71) Importer(815301076,1909f56bfc062723c751e8b465ee728b)  -> (artifact id: '536bb64ffda485dc983da0cd72d4941a') in 1.468497 seconds
Number of updated asset objects reloaded before import = 1
Number of asset objects unloaded after import = 2
========================================================================
Received Import Request.
  Time since last request: 0.000073 seconds.
  path: Assets/Materials/Quantized.mat
  artifactKey: Guid(cfb18b1f56813464aaeda33ac0abce94) Importer(815301076,1909f56bfc062723c751e8b465ee728b)
Start importing Assets/Materials/Quantized.mat using Guid(cfb18b1f56813464aaeda33ac0abce94) Importer(815301076,1909f56bfc062723c751e8b465ee728b)  -> (artifact id: '39498f65ebbb330a693935635cbb70cd') in 0.613572 seconds
Number of updated asset objects reloaded before import = 0
Number of asset objects unloaded after import = 3
========================================================================
Received Import Request.
  Time since last request: 474.029966 seconds.
  path: Assets/Shaders/CelShadeLit.shadergraph
  artifactKey: Guid(7442e5c79e1754fbabffadb57694c13d) Importer(815301076,1909f56bfc062723c751e8b465ee728b)
Start importing Assets/Shaders/CelShadeLit.shadergraph using Guid(7442e5c79e1754fbabffadb57694c13d) Importer(815301076,1909f56bfc062723c751e8b465ee728b)  -> (artifact id: '012ea6c9937b18cfdfb072b747063f62') in 0.008715 seconds
Number of updated asset objects reloaded before import = 0
Number of asset objects unloaded after import = 2
========================================================================
Received Import Request.
  Time since last request: 795.851328 seconds.
  path: Assets/Materials/Iron.mat
  artifactKey: Guid(9c26f4cea37b3448399e431856d04d71) Importer(815301076,1909f56bfc062723c751e8b465ee728b)
Start importing Assets/Materials/Iron.mat using Guid(9c26f4cea37b3448399e431856d04d71) Importer(815301076,1909f56bfc062723c751e8b465ee728b)  -> (artifact id: '1abc9934f20e754ca589e3f232a3825f') in 2.077791 seconds
Number of updated asset objects reloaded before import = 2
Number of asset objects unloaded after import = 2
========================================================================
Received Import Request.
  Time since last request: 0.000102 seconds.
  path: Assets/Materials/Rock Ambient Orange 1.mat
  artifactKey: Guid(342ee6208e7a34b8b9744a63b42f4175) Importer(815301076,1909f56bfc062723c751e8b465ee728b)
Start importing Assets/Materials/Rock Ambient Orange 1.mat using Guid(342ee6208e7a34b8b9744a63b42f4175) Importer(815301076,1909f56bfc062723c751e8b465ee728b)  -> (artifact id: '390cf5185065851f1cd26a3717e15236') in 0.012395 seconds
Number of updated asset objects reloaded before import = 0
Number of asset objects unloaded after import = 2
========================================================================
Received Import Request.
  Time since last request: 0.000079 seconds.
  path: Assets/Materials/Rock Ambient Orange 2.mat
  artifactKey: Guid(5997a79502eb84fbbab93e4f769c6eba) Importer(815301076,1909f56bfc062723c751e8b465ee728b)
Start importing Assets/Materials/Rock Ambient Orange 2.mat using Guid(5997a79502eb84fbbab93e4f769c6eba) Importer(815301076,1909f56bfc062723c751e8b465ee728b)  -> (artifact id: 'c2abb65b3009cd8cd258e525c45d406e') in 0.009568 seconds
Number of updated asset objects reloaded before import = 0
Number of asset objects unloaded after import = 2
========================================================================
Received Import Request.
  Time since last request: 0.000082 seconds.
  path: Assets/Materials/Snow Ambient.mat
  artifactKey: Guid(79e42336cacc145f89016f2b75cd20de) Importer(815301076,1909f56bfc062723c751e8b465ee728b)
Start importing Assets/Materials/Snow Ambient.mat using Guid(79e42336cacc145f89016f2b75cd20de) Importer(815301076,1909f56bfc062723c751e8b465ee728b)  -> (artifact id: '6477a0ba3d04d3e23f1af2de55312d78') in 0.009592 seconds
Number of updated asset objects reloaded before import = 0
Number of asset objects unloaded after import = 2
========================================================================
Received Import Request.
  Time since last request: 701.645469 seconds.
  path: Assets/Materials/Iron.mat
  artifactKey: Guid(9c26f4cea37b3448399e431856d04d71) Importer(815301076,1909f56bfc062723c751e8b465ee728b)
Start importing Assets/Materials/Iron.mat using Guid(9c26f4cea37b3448399e431856d04d71) Importer(815301076,1909f56bfc062723c751e8b465ee728b) Shader error in 'Custom/CelShadeLit': 'Quantizer_float': void functions cannot return a value at Functions/Quantize.hlsl(13) (on metal)

Compiling Subshader: 0, Pass: Universal Forward, Vertex program with _ADDITIONAL_LIGHTS _ADDITIONAL_LIGHT_SHADOWS _MAIN_LIGHT_SHADOWS
Platform defines: SHADER_API_DESKTOP UNITY_ENABLE_DETAIL_NORMALMAP UNITY_ENABLE_REFLECTION_BUFFERS UNITY_LIGHTMAP_FULL_HDR UNITY_LIGHT_PROBE_PROXY_VOLUME UNITY_NEEDS_RENDERPASS_FBFETCH_FALLBACK UNITY_PBS_USE_BRDF1 UNITY_SPECCUBE_BLENDING UNITY_SPECCUBE_BOX_PROJECTION UNITY_USE_DITHER_MASK_FOR_ALPHABLENDED_SHADOWS
Disabled keywords: DIRLIGHTMAP_COMBINED DOTS_INSTANCING_ON FOG_EXP FOG_EXP2 FOG_LINEAR INSTANCING_ON LIGHTMAP_ON SHADER_API_GLES30 UNITY_ASTC_NORMALMAP_ENCODING UNITY_COLORSPACE_GAMMA UNITY_FRAMEBUFFER_FETCH_AVAILABLE UNITY_HALF_PRECISION_FRAGMENT_SHADER_REGISTERS UNITY_HARDWARE_TIER1 UNITY_HARDWARE_TIER2 UNITY_HARDWARE_TIER3 UNITY_LIGHTMAP_DLDR_ENCODING UNITY_LIGHTMAP_RGBM_ENCODING UNITY_METAL_SHADOWS_USE_POINT_FILTERING UNITY_NO_DXT5nm UNITY_NO_FULL_STANDARD_SHADER UNITY_NO_SCREENSPACE_SHADOWS UNITY_PBS_USE_BRDF2 UNITY_PBS_USE_BRDF3 UNITY_PRETRANSFORM_TO_DISPLAY_ORIENTATION UNITY_UNIFIED_SHADER_PRECISION_MODEL UNITY_VIRTUAL_TEXTURING _MAIN_LIGHT_SHADOWS_CASCADE _SAMPLE_GI _SHADOWS_SOFT
Shader error in 'Custom/CelShadeLit': 'Quantizer_float': void functions cannot return a value at Functions/Quantize.hlsl(13) (on metal)

Compiling Subshader: 0, Pass: Universal Forward, Vertex program with _ADDITIONAL_LIGHTS _ADDITIONAL_LIGHT_SHADOWS _MAIN_LIGHT_SHADOWS
Platform defines: SHADER_API_DESKTOP UNITY_ENABLE_DETAIL_NORMALMAP UNITY_ENABLE_REFLECTION_BUFFERS UNITY_LIGHTMAP_FULL_HDR UNITY_LIGHT_PROBE_PROXY_VOLUME UNITY_NEEDS_RENDERPASS_FBFETCH_FALLBACK UNITY_PBS_USE_BRDF1 UNITY_SPECCUBE_BLENDING UNITY_SPECCUBE_BOX_PROJECTION UNITY_USE_DITHER_MASK_FOR_ALPHABLENDED_SHADOWS
Disabled keywords: DIRLIGHTMAP_COMBINED DOTS_INSTANCING_ON FOG_EXP FOG_EXP2 FOG_LINEAR INSTANCING_ON LIGHTMAP_ON SHADER_API_GLES30 UNITY_ASTC_NORMALMAP_ENCODING UNITY_COLORSPACE_GAMMA UNITY_FRAMEBUFFER_FETCH_AVAILABLE UNITY_HALF_PRECISION_FRAGMENT_SHADER_REGISTERS UNITY_HARDWARE_TIER1 UNITY_HARDWARE_TIER2 UNITY_HARDWARE_TIER3 UNITY_LIGHTMAP_DLDR_ENCODING UNITY_LIGHTMAP_RGBM_ENCODING UNITY_METAL_SHADOWS_USE_POINT_FILTERING UNITY_NO_DXT5nm UNITY_NO_FULL_STANDARD_SHADER UNITY_NO_SCREENSPACE_SHADOWS UNITY_PBS_USE_BRDF2 UNITY_PBS_USE_BRDF3 UNITY_PRETRANSFORM_TO_DISPLAY_ORIENTATION UNITY_UNIFIED_SHADER_PRECISION_MODEL UNITY_VIRTUAL_TEXTURING _MAIN_LIGHT_SHADOWS_CASCADE _SAMPLE_GI _SHADOWS_SOFT
 -> (artifact id: '01df7161b7f7aeb7dfae872761f56883') in 0.486539 seconds
Number of updated asset objects reloaded before import = 2
Number of asset objects unloaded after import = 2
========================================================================
Received Import Request.
  Time since last request: 0.000095 seconds.
  path: Assets/Materials/Rock Ambient Orange 1.mat
  artifactKey: Guid(342ee6208e7a34b8b9744a63b42f4175) Importer(815301076,1909f56bfc062723c751e8b465ee728b)
Start importing Assets/Materials/Rock Ambient Orange 1.mat using Guid(342ee6208e7a34b8b9744a63b42f4175) Importer(815301076,1909f56bfc062723c751e8b465ee728b)  -> (artifact id: '9a9cce09bc7085a3cc7b0a2beabd9be0') in 0.014719 seconds
Number of updated asset objects reloaded before import = 0
Number of asset objects unloaded after import = 2
========================================================================
Received Import Request.
  Time since last request: 0.000134 seconds.
  path: Assets/Materials/Rock Ambient Orange 2.mat
  artifactKey: Guid(5997a79502eb84fbbab93e4f769c6eba) Importer(815301076,1909f56bfc062723c751e8b465ee728b)
Start importing Assets/Materials/Rock Ambient Orange 2.mat using Guid(5997a79502eb84fbbab93e4f769c6eba) Importer(815301076,1909f56bfc062723c751e8b465ee728b)  -> (artifact id: '28221289f0943ba6b2b9a5429e0d0f72') in 0.011493 seconds
Number of updated asset objects reloaded before import = 0
Number of asset objects unloaded after import = 2
========================================================================
Received Import Request.
  Time since last request: 0.000066 seconds.
  path: Assets/Materials/Snow Ambient.mat
  artifactKey: Guid(79e42336cacc145f89016f2b75cd20de) Importer(815301076,1909f56bfc062723c751e8b465ee728b)
Start importing Assets/Materials/Snow Ambient.mat using Guid(79e42336cacc145f89016f2b75cd20de) Importer(815301076,1909f56bfc062723c751e8b465ee728b)  -> (artifact id: '87a32e1b09d9dacd0bd4bc2a2b4cccb2') in 0.012724 seconds
Number of updated asset objects reloaded before import = 0
Number of asset objects unloaded after import = 2
Editor requested this worker to shutdown with reason: Scaling down because of idle timeout
TcpMessagingSession - receive error: operation aborted. errorcode: 89, details: Operation aborted.
AssetImportWorker is now disconnected from the server
Process exiting
